TN:
SF:src/Applications/security/PasswordHash.js
FN:2,(anonymous_0)
FNF:1
FNH:1
FNDA:1,(anonymous_0)
DA:3,1
DA:7,5
LF:2
LH:2
BRF:0
BRH:0
end_of_record
TN:
SF:src/Applications/security/TokenManager.js
FN:6,(anonymous_0)
FN:8,(anonymous_1)
FN:10,(anonymous_2)
FNF:3
FNH:3
FNDA:1,(anonymous_0)
FNDA:1,(anonymous_1)
FNDA:2,(anonymous_2)
DA:1,4
DA:2,4
DA:3,4
DA:5,4
DA:7,1
DA:9,1
DA:11,2
DA:12,2
DA:13,1
DA:14,1
DA:15,1
DA:17,1
DA:22,4
LF:13
LH:13
BRF:0
BRH:0
end_of_record
TN:
SF:src/Applications/use_cases/AddUserUseCase.js
FN:4,(anonymous_0)
FN:9,(anonymous_1)
FNF:2
FNH:2
FNDA:2,(anonymous_0)
FNDA:7,(anonymous_1)
DA:1,2
DA:5,2
DA:6,2
DA:10,7
DA:11,3
DA:12,2
DA:15,2
DA:19,2
LF:8
LH:8
BRF:0
BRH:0
end_of_record
TN:
SF:src/Applications/use_cases/LoginUserUseCase.js
FN:2,(anonymous_0)
FN:15,(anonymous_1)
FNF:2
FNH:2
FNDA:2,(anonymous_0)
FNDA:3,(anonymous_1)
DA:8,2
DA:9,2
DA:10,2
DA:11,2
DA:12,2
DA:16,3
DA:17,1
DA:18,0
DA:19,0
DA:21,0
DA:25,0
DA:30,0
DA:32,0
DA:36,2
LF:14
LH:8
BRF:0
BRH:0
end_of_record
TN:
SF:src/Applications/use_cases/LogoutUserUseCase.js
FN:2,(anonymous_0)
FN:6,(anonymous_1)
FNF:2
FNH:2
FNDA:2,(anonymous_0)
FNDA:2,(anonymous_1)
DA:3,2
DA:7,2
DA:11,2
LF:3
LH:3
BRF:0
BRH:0
end_of_record
TN:
SF:src/Applications/use_cases/RefreshAuthenticationUseCase.js
FN:2,(anonymous_0)
FN:7,(anonymous_1)
FNF:2
FNH:2
FNDA:1,(anonymous_0)
FNDA:1,(anonymous_1)
DA:3,1
DA:4,1
DA:9,1
DA:11,1
DA:14,1
DA:19,1
DA:23,2
LF:7
LH:7
BRF:0
BRH:0
end_of_record
TN:
SF:src/Commons/config.js
FNF:0
FNH:0
DA:1,6
DA:2,6
DA:4,6
DA:5,6
DA:9,0
DA:12,6
DA:32,6
LF:7
LH:6
BRDA:4,0,0,6
BRDA:4,0,1,0
BRDA:14,1,0,6
BRDA:14,1,1,0
BRDA:16,2,0,0
BRDA:16,2,1,6
BRF:6
BRH:3
end_of_record
TN:
SF:src/Commons/excetions/AuthenticationError.js
FN:4,(anonymous_0)
FNF:1
FNH:1
FNDA:1,(anonymous_0)
DA:1,1
DA:5,1
DA:6,1
DA:10,1
LF:4
LH:4
BRF:0
BRH:0
end_of_record
TN:
SF:src/Commons/excetions/ClientError.js
FN:2,(anonymous_0)
FNF:1
FNH:1
FNDA:22,(anonymous_0)
DA:3,22
DA:5,22
DA:6,1
DA:9,21
DA:10,21
DA:14,11
LF:6
LH:6
BRDA:2,0,0,19
BRDA:5,1,0,1
BRDA:5,1,1,21
BRF:3
BRH:3
end_of_record
TN:
SF:src/Commons/excetions/DomainErrorTranslator.js
FN:4,(anonymous_0)
FNF:1
FNH:1
FNDA:13,(anonymous_0)
DA:1,2
DA:3,2
DA:5,13
DA:9,2
DA:23,2
LF:5
LH:5
BRDA:5,0,0,13
BRDA:5,0,1,5
BRF:2
BRH:2
end_of_record
TN:
SF:src/Commons/excetions/InvariantError.js
FN:4,(anonymous_0)
FNF:1
FNH:1
FNDA:18,(anonymous_0)
DA:1,8
DA:5,18
DA:6,18
DA:10,8
LF:4
LH:4
BRF:0
BRH:0
end_of_record
TN:
SF:src/Commons/excetions/NotFoundError.js
FN:4,(anonymous_0)
FNF:1
FNH:1
FNDA:2,(anonymous_0)
DA:1,3
DA:5,2
DA:6,2
DA:10,3
LF:4
LH:4
BRF:0
BRH:0
end_of_record
TN:
SF:src/Domains/authentications/AuthenticationRepository.js
FN:2,(anonymous_0)
FN:6,(anonymous_1)
FN:10,(anonymous_2)
FNF:3
FNH:3
FNDA:1,(anonymous_0)
FNDA:1,(anonymous_1)
FNDA:1,(anonymous_2)
DA:3,1
DA:7,1
DA:11,1
DA:15,5
LF:4
LH:4
BRF:0
BRH:0
end_of_record
TN:
SF:src/Domains/users/UserRepository.js
FN:2,(anonymous_0)
FN:6,(anonymous_1)
FNF:2
FNH:2
FNDA:1,(anonymous_0)
FNDA:2,(anonymous_1)
DA:3,1
DA:7,2
DA:11,5
LF:3
LH:3
BRF:0
BRH:0
end_of_record
TN:
SF:src/Domains/users/entities/RegisterUser.js
FN:2,(anonymous_0)
FN:11,(anonymous_1)
FNF:2
FNH:2
FNDA:15,(anonymous_0)
FNDA:15,(anonymous_1)
DA:3,15
DA:5,7
DA:7,7
DA:8,7
DA:9,7
DA:12,15
DA:13,2
DA:16,13
DA:21,2
DA:24,11
DA:25,2
DA:28,9
DA:29,2
DA:34,4
LF:14
LH:14
BRDA:12,0,0,2
BRDA:12,0,1,13
BRDA:12,1,0,15
BRDA:12,1,1,14
BRDA:12,1,2,14
BRDA:16,2,0,2
BRDA:16,2,1,11
BRDA:17,3,0,13
BRDA:17,3,1,12
BRDA:17,3,2,12
BRDA:24,4,0,2
BRDA:24,4,1,9
BRDA:28,5,0,2
BRDA:28,5,1,7
BRF:14
BRH:14
end_of_record
TN:
SF:src/Domains/users/entities/RegisteredUser.js
FN:2,(anonymous_0)
FN:12,(anonymous_1)
FNF:2
FNH:2
FNDA:9,(anonymous_0)
FNDA:9,(anonymous_1)
DA:3,9
DA:5,7
DA:7,7
DA:8,7
DA:9,7
DA:13,9
DA:14,1
DA:17,8
DA:22,1
DA:27,4
LF:10
LH:10
BRDA:13,0,0,1
BRDA:13,0,1,8
BRDA:13,1,0,9
BRDA:13,1,1,8
BRDA:13,1,2,8
BRDA:17,2,0,1
BRDA:17,2,1,7
BRDA:18,3,0,8
BRDA:18,3,1,7
BRDA:18,3,2,7
BRF:10
BRH:10
end_of_record
TN:
SF:src/Infrastructures/http/createServer.js
FN:7,(anonymous_0)
FN:24,(anonymous_1)
FNF:2
FNH:2
FNDA:11,(anonymous_0)
FNDA:10,(anonymous_1)
DA:1,1
DA:2,1
DA:3,1
DA:4,1
DA:5,1
DA:7,1
DA:8,11
DA:13,11
DA:24,11
DA:26,10
DA:28,10
DA:30,8
DA:33,8
DA:34,7
DA:38,7
DA:39,7
DA:43,1
DA:44,0
DA:48,1
DA:52,1
DA:53,1
DA:57,2
DA:60,11
DA:63,1
LF:24
LH:23
BRDA:28,0,0,8
BRDA:28,0,1,2
BRDA:33,1,0,7
BRDA:33,1,1,1
BRDA:43,2,0,0
BRDA:43,2,1,1
BRF:6
BRH:5
end_of_record
TN:
SF:src/Infrastructures/repositories/AuthenticationRepositoryPostgres.js
FN:4,(anonymous_0)
FN:8,(anonymous_1)
FN:17,(anonymous_2)
FN:30,(anonymous_3)
FNF:4
FNH:4
FNDA:5,(anonymous_0)
FNDA:1,(anonymous_1)
FNDA:2,(anonymous_2)
FNDA:2,(anonymous_3)
DA:1,2
DA:5,5
DA:9,1
DA:14,1
DA:18,2
DA:23,2
DA:25,2
DA:26,1
DA:31,2
DA:36,2
DA:40,2
LF:11
LH:11
BRDA:25,0,0,1
BRDA:25,0,1,1
BRF:2
BRH:2
end_of_record
TN:
SF:src/Infrastructures/repositories/UserRepositoryPostgres.js
FN:7,(anonymous_0)
FN:13,(anonymous_1)
FN:26,(anonymous_2)
FN:39,(anonymous_3)
FN:53,(anonymous_4)
FNF:5
FNH:4
FNDA:5,(anonymous_0)
FNDA:6,(anonymous_1)
FNDA:3,(anonymous_2)
FNDA:0,(anonymous_3)
FNDA:1,(anonymous_4)
DA:1,2
DA:2,2
DA:3,2
DA:4,2
DA:8,5
DA:9,5
DA:10,5
DA:14,6
DA:19,6
DA:21,6
DA:22,3
DA:27,3
DA:28,3
DA:30,3
DA:35,3
DA:37,3
DA:40,0
DA:45,0
DA:47,0
DA:48,0
DA:51,0
DA:54,1
DA:59,1
DA:61,1
DA:62,1
DA:65,0
DA:69,2
LF:27
LH:21
BRDA:21,0,0,3
BRDA:21,0,1,3
BRDA:47,1,0,0
BRDA:47,1,1,0
BRDA:61,2,0,1
BRDA:61,2,1,0
BRF:6
BRH:3
end_of_record
TN:
SF:src/Infrastructures/security/BcryptPasswordHash.js
FN:4,(anonymous_0)
FN:10,(anonymous_1)
FN:13,(anonymous_2)
FNF:3
FNH:2
FNDA:2,(anonymous_0)
FNDA:2,(anonymous_1)
FNDA:0,(anonymous_2)
DA:1,2
DA:5,2
DA:6,2
DA:7,2
DA:11,2
DA:14,0
DA:15,0
DA:16,0
DA:18,0
DA:22,2
LF:10
LH:6
BRDA:4,0,0,2
BRDA:15,1,0,0
BRDA:15,1,1,0
BRF:3
BRH:1
end_of_record
TN:
SF:src/Interfaces/http/api/authentications/handler.js
FN:6,(anonymous_0)
FN:15,(anonymous_1)
FN:38,(anonymous_2)
FN:55,(anonymous_3)
FNF:4
FNH:3
FNDA:11,(anonymous_0)
FNDA:2,(anonymous_1)
FNDA:0,(anonymous_2)
FNDA:1,(anonymous_3)
DA:1,1
DA:2,1
DA:3,1
DA:7,11
DA:10,11
DA:11,11
DA:12,11
DA:16,2
DA:17,2
DA:20,2
DA:24,0
DA:34,2
DA:35,2
DA:39,0
DA:42,0
DA:46,0
DA:56,1
DA:59,1
DA:61,1
DA:70,1
LF:20
LH:16
BRF:0
BRH:0
end_of_record
TN:
SF:src/Interfaces/http/api/authentications/index.js
FN:6,(anonymous_0)
FNF:1
FNH:1
FNDA:11,(anonymous_0)
DA:1,1
DA:2,1
DA:4,1
DA:7,11
DA:8,11
LF:5
LH:5
BRF:0
BRH:0
end_of_record
TN:
SF:src/Interfaces/http/api/authentications/routes.js
FN:1,(anonymous_0)
FNF:1
FNH:1
FNDA:11,(anonymous_0)
DA:1,11
DA:19,1
LF:2
LH:2
BRF:0
BRH:0
end_of_record
TN:
SF:src/Interfaces/http/api/users/handler.js
FN:6,(anonymous_0)
FN:12,(anonymous_1)
FNF:2
FNH:2
FNDA:11,(anonymous_0)
FNDA:7,(anonymous_1)
DA:1,1
DA:2,1
DA:3,1
DA:7,11
DA:9,11
DA:13,7
DA:14,6
DA:15,1
DA:21,1
DA:22,1
DA:26,1
LF:11
LH:11
BRF:0
BRH:0
end_of_record
TN:
SF:src/Interfaces/http/api/users/index.js
FN:6,(anonymous_0)
FNF:1
FNH:1
FNDA:11,(anonymous_0)
DA:1,1
DA:2,1
DA:4,1
DA:7,11
DA:8,11
LF:5
LH:5
BRF:0
BRH:0
end_of_record
TN:
SF:src/Interfaces/http/api/users/routes.js
FN:1,(anonymous_0)
FNF:1
FNH:1
FNDA:11,(anonymous_0)
DA:1,11
DA:9,1
LF:2
LH:2
BRF:0
BRH:0
end_of_record
